<?xml version="1.0" encoding="UTF-8"?>
<testsuite xmlns:xsi="http://www.w3.org/2001/XMLSchema-instance" xsi:noNamespaceSchemaLocation="https://maven.apache.org/surefire/maven-surefire-plugin/xsd/surefire-test-report-3.0.xsd" version="3.0" name="civicpulse.apiTest.IncidentControllerTest" time="10.593" tests="6" errors="0" skipped="0" failures="0">
  <properties>
[...]
</properties>
  <testcase name="listIncidentsReturnsEmptyArrayWhenNoneExist" classname="civicpulse.apiTest.IncidentControllerTest" time="3.356">
    <system-out><![CDATA[Standard Commons Logging discovery in action with spring-jcl: please remove commons-logging.jar from classpath in order to avoid potential conflicts
13:16:08.581 [main] INFO org.springframework.test.context.support.AnnotationConfigContextLoaderUtils -- Could not detect default configuration classes for test class [civicpulse.apiTest.IncidentControllerTest]: IncidentControllerTest does not declare any static, non-private, non-final, nested classes annotated with @Configuration.
13:16:09.137 [main] INFO org.springframework.boot.test.context.SpringBootTestContextBootstrapper -- Found @SpringBootConfiguration civicpulse.CivicPulseApplication for test class civicpulse.apiTest.IncidentControllerTest

  .   ____          _            __ _ _
 /\\ / ___'_ __ _ _(_)_ __  __ _ \ \ \ \
( ( )\___ | '_ | '_| | '_ \/ _` | \ \ \ \
 \\/  ___)| |_)| | | | | || (_| |  ) ) ) )
  '  |____| .__|_| |_|_| |_\__, | / / / /
 =========|_|==============|___/=/_/_/_/

 :: Spring Boot ::                (v3.3.4)

2026-09-25T13:16:11.000+02:00  INFO 7196 --- [           main] c.apiTest.IncidentControllerTest         : Starting IncidentControllerTest using Java 26.0.2.1 with PID 7196 (started by User in C:\Users\User\Downloads\CivicPulse)
2026-09-25T13:16:11.005+02:00  INFO 7196 --- [           main] c.apiTest.IncidentControllerTest         : No active profile set, falling back to 1 default profile: "default"
2026-09-25T13:16:14.602+02:00  INFO 7196 --- [           main] o.s.b.t.m.w.SpringBootMockServletContext : Initializing Spring TestDispatcherServlet ''
2026-09-25T13:16:14.603+02:00  INFO 7196 --- [           main] o.s.t.web.servlet.TestDispatcherServlet  : Initializing Servlet ''
2026-09-25T13:16:14.610+02:00  INFO 7196 --- [           main] o.s.t.web.servlet.TestDispatcherServlet  : Completed initialization in 5 ms
2026-09-25T13:16:14.704+02:00  INFO 7196 --- [           main] c.apiTest.IncidentControllerTest         : Started IncidentControllerTest in 5.351 seconds (process running for 9.354)
]]></system-out>
    <system-err><![CDATA[WARNING: A Java agent has been loaded dynamically (C:\Users\User\.m2\repository\net\bytebuddy\byte-buddy-agent\1.14.19\byte-buddy-agent-1.14.19.jar)
WARNING: If a serviceability tool is in use, please run with -XX:+EnableDynamicAgentLoading to hide this warning
WARNING: If a serviceability tool is not in use, please run with -Djdk.instrument.traceUsage for more information
WARNING: Dynamic loading of agents will be disallowed by default in a future release
]]></system-err>
  </testcase>
  <testcase name="getIncidentByIdReturns404WhenNotFound" classname="civicpulse.apiTest.IncidentControllerTest" time="0.166"/>
  <testcase name="listIncidentsReturnsAllSavedIncidents" classname="civicpulse.apiTest.IncidentControllerTest" time="0.016"/>
  <testcase name="createIncident_returnCreatedIncidentWithId" classname="civicpulse.apiTest.IncidentControllerTest" time="0.209"/>
  <testcase name="patchIncidentStatusUpdatesOpenToInProgress" classname="civicpulse.apiTest.IncidentControllerTest" time="0.027"/>
  <testcase name="getIncidentByIdReturnsIncidentWhenFound" classname="civicpulse.apiTest.IncidentControllerTest" time="0.009"/>
</testsuite>