<?xml version="1.0" encoding="UTF-8"?>
<testsuite xmlns:xsi="http://www.w3.org/2001/XMLSchema-instance" xsi:noNamespaceSchemaLocation="https://maven.apache.org/surefire/maven-surefire-plugin/xsd/surefire-test-report-3.0.xsd" version="3.0" name="civicpulse.domain.IncidentTest" time="0.17" tests="7" errors="0" skipped="0" failures="0">
  <properties>
[...]
</properties>
  <testcase name="cannotCreateIncidentWithBlankTitle" classname="civicpulse.domain.IncidentTest" time="0.015"/>
  <testcase name="statusCanTransitionFromOpenToInProgress" classname="civicpulse.domain.IncidentTest" time="0.047"/>
  <testcase name="incidentStoresFieldsCorrectly" classname="civicpulse.domain.IncidentTest" time="0.02"/>
  <testcase name="eachIncidentHasAUniqueId" classname="civicpulse.domain.IncidentTest" time="0.005"/>
  <testcase name="statusCannotSkipDirectlyFromOpenToResolved" classname="civicpulse.domain.IncidentTest" time="0.015"/>
  <testcase name="inProgressIncidentCanBeResolved" classname="civicpulse.domain.IncidentTest" time="0.007"/>
  <testcase name="newIncidentStartsWithStatusOpen" classname="civicpulse.domain.IncidentTest" time="0.01"/>
</testsuite>